<!DOCTYPE html PUBLIC "-//W3C//DTD XHTML 1.1//EN" "https://www.w3.org/TR/xhtml11/DTD/xhtml11.dtd">
<html xmlns="https://www.w3.org/1999/xhtml">
<head>
<meta http-equiv="content-type" content="text/html; charset=UTF-8"/>
<title>TestNG Report</title>
<style type="text/css">table {margin-bottom:10px;border-collapse:collapse;empty-cells:show}th,td {border:1px solid #009;padding:.25em .5em}th {vertical-align:bottom}td {vertical-align:top}table a {font-weight:bold}.stripe td {background-color: #E6EBF9}.num {text-align:right}.passedodd td {background-color: #3F3}.passedeven td {background-color: #0A0}.skippedodd td {background-color: #DDD}.skippedeven td {background-color: #CCC}.failedodd td,.attn {background-color: #F33}.failedeven td,.stripe .attn {background-color: #D00}.stacktrace {white-space:pre;font-family:monospace}.totop {font-size:85%;text-align:center;border-bottom:2px solid #000}.invisible {display:none}</style>
</head>
<body>
<table>
<tr><th>Test</th><th># Passed</th><th># Skipped</th><th># Retried</th><th># Failed</th><th>Time (ms)</th><th>Included Groups</th><th>Excluded Groups</th></tr>
<tr><th colspan="8">Default suite</th></tr>
<tr><td><a href="#t0">Default test</a></td><td class="num">1</td><td class="num">0</td><td class="num">0</td><td class="num attn">3</td><td class="num">103,076</td><td></td><td></td></tr>
</table>
<table id='summary'><thead><tr><th>Class</th><th>Method</th><th>Start</th><th>Time (ms)</th></tr></thead><tbody><tr><th colspan="4">Default suite</th></tr></tbody><tbody id="t0"><tr><th colspan="4">Default test &#8212; failed</th></tr><tr class="failedeven"><td rowspan="3">com.eox.externalhdo.elementfleet.tests.EF_E2ETest</td><td><a href="#m0">insuranceApplicationSubmission</a></td><td rowspan="1">1753206624545</td><td rowspan="1">37389</td></tr><tr class="failedeven"><td><a href="#m1">publishQuotetest</a></td><td rowspan="1">1753206694249</td><td rowspan="1">20369</td></tr><tr class="failedeven"><td><a href="#m2">quoteAccept</a></td><td rowspan="1">1753206714626</td><td rowspan="1">12289</td></tr><tr><th colspan="4">Default test &#8212; passed</th></tr><tr class="passedeven"><td rowspan="1">com.eox.externalhdo.elementfleet.tests.EF_E2ETest</td><td><a href="#m3">producerSendapplication</a></td><td rowspan="1">1753206661953</td><td rowspan="1">32288</td></tr></tbody>
</table>
<h2>Default test</h2><h3 id="m0">com.eox.externalhdo.elementfleet.tests.EF_E2ETest#insuranceApplicationSubmission</h3><table class="result"><tr class="param"><th>Parameter #1</th></tr><tr class="param stripe"><td>{leased_unit_Cap Cost (Original cost + Upfit value)(in USD)=43500, leased_unit_Lease Term (in Months)=25, Address=NY, loc Zip Code=23451, Policy Number=TEST23254, Premium=250,000, fein=456543455, non_leased_units_ACV (Actual Cost Value) (in USD)=4, Tow limit=10,000, Business Phone=4565761234, Do operations involve transporting hazardous material?=no, Are you aware of any manufacturer defects?=no, non_leased_units_City=Dallas city, leased_equipment_Serial Number=CAT0320GCLX123456, leased_unit_Zip Code=75201, Is a formal safety program in operation?=yes, leased_unit_Deductible (in USD)=1000, Any vehicles owned but not scheduled on this application?=no, non_leased_units_Year=2025, leased_equipment_Make=Caterpillar, non_leased_units_Gross Vehicle Weight (in lbs)=14,001 – 16,000 lbs, non_leased_equipments_Model=320 GC Hydraulic Excavator, Any policy or coverage declined, cancelled=yes, non_leased_equipments_Deductible (in USD)=1000, In what radius do the majority of your vehicles operate?=0-50, loc Address=NY, Do you require insurance on units and equipment=yes, Contact First Name=Test, Contact Last Name=Test, MC Number=TEST123456, non_leased_equipments_Year=2025, non_leased_equipments_Equipment Value=4, Last Name=TEST, leased_equipment_Zip Code=75201, leased_unit_Make=Ford, Are you a subsidiary of another entity?=yes, Are any vehicles leased to others?=no, loss_payee_Zip Code=75201, DOT Number=432343234324, leased_unit_VIN #=1FTBR1C8XRKA12345, Percentage of Ownership2=, Percentage of Ownership1=, leased_equipment_Category=Lifts, Does applicant have other business ventures for which coverage is not requested?=yes, leased_equipment_Equipment Number=Test-123, What is the Use for the majority of your vehicles?=Service, Role Type=Accounting, non_leased_units_Zip Code=75201, lessor_State=AZ, non_leased_units_License Plate Number=TXL-8923, Webiste=www.elementfleet.com, Nature of Business=Service, Do you have a dedicated Safety Manager?=yes, Is there any loss of value at repossession?=no, Has there been any blowouts, punctures, or other road damage to tires?=no, Describe other operations for which coverage is not requested=Test, Is there a vehicle maintenance program in operation?=no, non_leased_equipments_Make=Caterpillar, non_leased_equipments_Zip Code=75201, loss_payee_Address=1234 Elm Street, non_leased_units_Vehicle Type=Heavy Trucks, non_leased_units_Make=Ford, non_leased_units_State of License Registration=AL, leased_unit_State=AZ, non_leased_units_Address=1234 Elm Street, Has there been any loss due to mysterious disappearance or damage caused by a criminal act?=no, Year=2020, Has there been any loss due to conversion, embezzlement, or secretion of the vehicle?=no, non_leased_equipments_State=AZ, Do you have any subsidiaries?=yes, Parent Company Name=TEST, loc State=NY, Please select your per occurrence Deductible. (in USD)=1000, Subsidiary Company Name =TEST, loss_payee_State=AZ, leased_unit_Model=Transit 250, leased_equipment_Address=1234 Elm Street, non_leased_equipments_Address=1234 Elm Street, Company=Joint Venture, leased_unit_Lease Start Date=07/13/2025, First Name=TEST, non_leased_units_VIN #=1FTBR1C8XRKA12345, applicant Zip Code=345765, leased_unit_Gross Vehicle Weight (in lbs)=14,001 – 16,000 lbs, leased_unit_State of License Registration=AL, Please describe primary operations=TEST, leased_equipment_Vehicle Type=Forklifts, NAICS=432123, Do you want to create a list of loss payees?=yes, loss_payee_Name=LoasssPayee1, non_leased_units_Is there an Additional Upfitting component?=no, leased_unit_Unit Number=Unit-123, non_leased_units_Do you intend to use this unit for less than 30 days?=No, Has there been any mechanical or electrical breakdown of the vehicles?=no, Carrier=Liberty Mutual Fire Insurance Company, leased_equipment_Year=2025, leased_equipment_Deductible (in USD)=1000, leased_equipment_State=AZ, non_leased_equipments_Is this a Pool Vehicle?=no, Would you like to add tow coverage?=yes, non_leased_equipments_Equipment Number=Test-123, non_leased_equipments_Vehicle Type=Forklifts, Has there been any damage due to gradual deterioration or the effects of improper/lack of maintenance?=no, City=NY, SIC=6361-32, lessor_Address=1234 Elm Street, Do you want to add more than 5 Element Leased Equipment?=no, leased_equipment_Equipment Value=4000, Do you want to add more than 5 Element Leased Units?=no, Proposed Effective date=07-08-2025, State=NY, leased_unit_Is this a Pool Vehicle?=no, Relationship Description=TEST, Any hold harmless agreements?=no, non_leased_equipments_Serial Number=CAT0320GCLX123456, Mobile Phone=2143254652, lessor_City=Dallas city, Email Address=, leased_equipment_City=Dallas city, Expiration Date=07-08-2026, non_leased_units_Model=Transit 250, leased_unit_City=Dallas city, Do over 50% of the employees use their autos in the business?=no, Broker Name=TEST, leased_unit_Vehicle Type=Heavy Trucks, loc City=NY, Reason=Non-Payment, leased_equipment_Lease Start Date=07/13/2022, Are any non-licensed drivers allowed to operate the vehicles?=no, non_leased_units_State=AZ, Any vehicles used by family members? If so, identify=no, Effective Date=07-08-2025, Do you want to add more than 5 Non-Element leased Equipment?=no, lessor_Name=Lessor1, non_leased_equipments_Category=Lifts, non_leased_equipments_City=Dallas city, Has there been any damage caused by normal wear and tear on the vehicles?=no, non_leased_units_Deductible (in USD)=1000, Do you obtain MVR (Motor Vehicle Report) verifications?=no, Do you want to create a list of lessors?=yes, leased_unit_License Plate Number=TXL-8923, leased_unit_Do you intend to use this unit for less than 30 days?=no, leased_unit_Address=1234 Elm Street, loss_payee_City=Dallas city, leased_equipment_Model=320 GC Hydraulic Excavator, lessor_Zip Code=75201, leased_unit_Year=2025, leased_equipment_Lease Term=25, Date Business Started=07-08-2025, Has there been any damage caused by freezing or extreme weather conditions?=no, Address Line 2=NY}</td></tr><tr><th>Exception</th></tr><tr><td><div class="stacktrace">org.openqa.selenium.NoSuchElementException: no such element: Unable to locate element: {&quot;method&quot;:&quot;xpath&quot;,&quot;selector&quot;:&quot;//*[contains(text(),&apos;Do you require insurance on units and equipment other than the Element-Leased units and equipment?&apos;)]/following::input[contains(@id,&apos;yes&apos;)and @type=&apos;radio&apos;] &quot;}
  (Session info: chrome=138.0.7204.101)
For documentation on this error, please visit: https://www.selenium.dev/documentation/webdriver/troubleshooting/errors#no-such-element-exception
Build info: version: &apos;4.34.0&apos;, revision: &apos;707dcb4246*&apos;
System info: os.name: &apos;Windows 11&apos;, os.arch: &apos;amd64&apos;, os.version: &apos;10.0&apos;, java.version: &apos;21.0.6&apos;
Driver info: org.openqa.selenium.chrome.ChromeDriver
Command: [f9115af03212cb9248cda0b7f1a7f9d6, findElement {using=xpath, value=//*[contains(text(),&apos;Do you require insurance on units and equipment other than the Element-Leased units and equipment?&apos;)]/following::input[contains(@id,&apos;yes&apos;)and @type=&apos;radio&apos;] }]
Capabilities {acceptInsecureCerts: false, browserName: chrome, browserVersion: 138.0.7204.101, chrome: {chromedriverVersion: 138.0.7204.157 (e533e98b126..., userDataDir: C:\Users\SUBHOJ~1\AppData\L...}, fedcm:accounts: true, goog:chromeOptions: {debuggerAddress: localhost:52384}, networkConnectionEnabled: false, pageLoadStrategy: normal, platformName: windows, proxy: Proxy(), se:cdp: ws://localhost:52384/devtoo..., se:cdpVersion: 138.0.7204.101, setWindowRect: true, strictFileInteractability: false, timeouts: {implicit: 0, pageLoad: 300000, script: 30000}, unhandledPromptBehavior: dismiss and notify, webauthn:extension:credBlob: true, webauthn:extension:largeBlob: true, webauthn:extension:minPinLength: true, webauthn:extension:prf: true, webauthn:virtualAuthenticators: true}
Session ID: f9115af03212cb9248cda0b7f1a7f9d6
	at java.base/jdk.internal.reflect.DirectConstructorHandleAccessor.newInstance(DirectConstructorHandleAccessor.java:62)
	at java.base/java.lang.reflect.Constructor.newInstanceWithCaller(Constructor.java:502)
	at java.base/java.lang.reflect.Constructor.newInstance(Constructor.java:486)
	at org.openqa.selenium.remote.ErrorCodec.decode(ErrorCodec.java:167)
	at org.openqa.selenium.remote.codec.w3c.W3CHttpResponseCodec.decode(W3CHttpResponseCodec.java:138)
	at org.openqa.selenium.remote.codec.w3c.W3CHttpResponseCodec.decode(W3CHttpResponseCodec.java:50)
	at org.openqa.selenium.remote.HttpCommandExecutor.execute(HttpCommandExecutor.java:215)
	at org.openqa.selenium.remote.service.DriverCommandExecutor.invokeExecute(DriverCommandExecutor.java:216)
	at org.openqa.selenium.remote.service.DriverCommandExecutor.execute(DriverCommandExecutor.java:174)
	at org.openqa.selenium.remote.RemoteWebDriver.execute(RemoteWebDriver.java:544)
	at org.openqa.selenium.remote.ElementLocation$ElementFinder$2.findElement(ElementLocation.java:165)
	at org.openqa.selenium.remote.ElementLocation.findElement(ElementLocation.java:59)
	at org.openqa.selenium.remote.RemoteWebDriver.findElement(RemoteWebDriver.java:367)
	at org.openqa.selenium.remote.RemoteWebDriver.findElement(RemoteWebDriver.java:361)
	at com.eox.utils.CommonFunctionUtils.radioButtonSelect(CommonFunctionUtils.java:63)
	at com.eox.externalhdo.elementfleet.pages.InsuranceFormPage.insuranceandApplicantInformationTab(InsuranceFormPage.java:50)
	at com.eox.externalhdo.elementfleet.tests.EF_E2ETest.insuranceApplicationSubmission(EF_E2ETest.java:27)
	at java.base/jdk.internal.reflect.DirectMethodHandleAccessor.invoke(DirectMethodHandleAccessor.java:103)
	at java.base/java.lang.reflect.Method.invoke(Method.java:580)
	at org.testng.internal.invokers.MethodInvocationHelper.invokeMethod(MethodInvocationHelper.java:141)
	at org.testng.internal.invokers.TestInvoker.invokeMethod(TestInvoker.java:687)
	at org.testng.internal.invokers.TestInvoker.invokeTestMethod(TestInvoker.java:230)
	at org.testng.internal.invokers.MethodRunner.runInSequence(MethodRunner.java:63)
	at org.testng.internal.invokers.TestInvoker$MethodInvocationAgent.invoke(TestInvoker.java:995)
	at org.testng.internal.invokers.TestInvoker.invokeTestMethods(TestInvoker.java:203)
	at org.testng.internal.invokers.TestMethodWorker.invokeTestMethods(TestMethodWorker.java:154)
	at org.testng.internal.invokers.TestMethodWorker.run(TestMethodWorker.java:134)
	at java.base/java.util.ArrayList.forEach(ArrayList.java:1596)
	at org.testng.TestRunner.privateRun(TestRunner.java:741)
	at org.testng.TestRunner.run(TestRunner.java:616)
	at org.testng.SuiteRunner.runTest(SuiteRunner.java:421)
	at org.testng.SuiteRunner.runSequentially(SuiteRunner.java:413)
	at org.testng.SuiteRunner.privateRun(SuiteRunner.java:373)
	at org.testng.SuiteRunner.run(SuiteRunner.java:312)
	at org.testng.SuiteRunnerWorker.runSuite(SuiteRunnerWorker.java:52)
	at org.testng.SuiteRunnerWorker.run(SuiteRunnerWorker.java:95)
	at org.testng.TestNG.runSuitesSequentially(TestNG.java:1274)
	at org.testng.TestNG.runSuitesLocally(TestNG.java:1208)
	at org.testng.TestNG.runSuites(TestNG.java:1112)
	at org.testng.TestNG.run(TestNG.java:1079)
	at org.testng.remote.AbstractRemoteTestNG.run(AbstractRemoteTestNG.java:115)
	at org.testng.remote.RemoteTestNG.initAndRun(RemoteTestNG.java:293)
	at org.testng.remote.RemoteTestNG.main(RemoteTestNG.java:91)
</div></td></tr></table><p class="totop"><a href="#summary">back to summary</a></p>
<h3 id="m1">com.eox.externalhdo.elementfleet.tests.EF_E2ETest#publishQuotetest</h3><table class="result"><tr><th>Exception</th></tr><tr><td><div class="stacktrace">org.openqa.selenium.TimeoutException: Expected condition failed: waiting for invisibility of [[ChromeDriver: chrome on windows (f9115af03212cb9248cda0b7f1a7f9d6)] -&gt; xpath: //div[@class=&apos;spinner&apos;]] (tried for 10 second(s) with 500 milliseconds interval)
Build info: version: &apos;4.34.0&apos;, revision: &apos;707dcb4246*&apos;
System info: os.name: &apos;Windows 11&apos;, os.arch: &apos;amd64&apos;, os.version: &apos;10.0&apos;, java.version: &apos;21.0.6&apos;
Driver info: org.openqa.selenium.chrome.ChromeDriver
Capabilities {acceptInsecureCerts: false, browserName: chrome, browserVersion: 138.0.7204.101, chrome: {chromedriverVersion: 138.0.7204.157 (e533e98b126..., userDataDir: C:\Users\SUBHOJ~1\AppData\L...}, fedcm:accounts: true, goog:chromeOptions: {debuggerAddress: localhost:52384}, networkConnectionEnabled: false, pageLoadStrategy: normal, platformName: windows, proxy: Proxy(), se:cdp: ws://localhost:52384/devtoo..., se:cdpVersion: 138.0.7204.101, setWindowRect: true, strictFileInteractability: false, timeouts: {implicit: 0, pageLoad: 300000, script: 30000}, unhandledPromptBehavior: dismiss and notify, webauthn:extension:credBlob: true, webauthn:extension:largeBlob: true, webauthn:extension:minPinLength: true, webauthn:extension:prf: true, webauthn:virtualAuthenticators: true}
Session ID: f9115af03212cb9248cda0b7f1a7f9d6
	at org.openqa.selenium.support.ui.WebDriverWait.timeoutException(WebDriverWait.java:84)
	at org.openqa.selenium.support.ui.FluentWait.until(FluentWait.java:228)
	at com.eox.utils.CommonFunctionUtils.waitForSpinnerGoesOff(CommonFunctionUtils.java:150)
	at com.eox.externalhdo.elementfleet.pages.Producerquotepublishpage.publishquoteaction(Producerquotepublishpage.java:19)
	at com.eox.externalhdo.elementfleet.tests.EF_E2ETest.publishQuotetest(EF_E2ETest.java:45)
	at java.base/jdk.internal.reflect.DirectMethodHandleAccessor.invoke(DirectMethodHandleAccessor.java:103)
	at java.base/java.lang.reflect.Method.invoke(Method.java:580)
	at org.testng.internal.invokers.MethodInvocationHelper.invokeMethod(MethodInvocationHelper.java:141)
	at org.testng.internal.invokers.TestInvoker.invokeMethod(TestInvoker.java:687)
	at org.testng.internal.invokers.TestInvoker.invokeTestMethod(TestInvoker.java:230)
	at org.testng.internal.invokers.MethodRunner.runInSequence(MethodRunner.java:63)
	at org.testng.internal.invokers.TestInvoker$MethodInvocationAgent.invoke(TestInvoker.java:995)
	at org.testng.internal.invokers.TestInvoker.invokeTestMethods(TestInvoker.java:203)
	at org.testng.internal.invokers.TestMethodWorker.invokeTestMethods(TestMethodWorker.java:154)
	at org.testng.internal.invokers.TestMethodWorker.run(TestMethodWorker.java:134)
	at java.base/java.util.ArrayList.forEach(ArrayList.java:1596)
	at org.testng.TestRunner.privateRun(TestRunner.java:741)
	at org.testng.TestRunner.run(TestRunner.java:616)
	at org.testng.SuiteRunner.runTest(SuiteRunner.java:421)
	at org.testng.SuiteRunner.runSequentially(SuiteRunner.java:413)
	at org.testng.SuiteRunner.privateRun(SuiteRunner.java:373)
	at org.testng.SuiteRunner.run(SuiteRunner.java:312)
	at org.testng.SuiteRunnerWorker.runSuite(SuiteRunnerWorker.java:52)
	at org.testng.SuiteRunnerWorker.run(SuiteRunnerWorker.java:95)
	at org.testng.TestNG.runSuitesSequentially(TestNG.java:1274)
	at org.testng.TestNG.runSuitesLocally(TestNG.java:1208)
	at org.testng.TestNG.runSuites(TestNG.java:1112)
	at org.testng.TestNG.run(TestNG.java:1079)
	at org.testng.remote.AbstractRemoteTestNG.run(AbstractRemoteTestNG.java:115)
	at org.testng.remote.RemoteTestNG.initAndRun(RemoteTestNG.java:293)
	at org.testng.remote.RemoteTestNG.main(RemoteTestNG.java:91)
</div></td></tr></table><p class="totop"><a href="#summary">back to summary</a></p>
<h3 id="m2">com.eox.externalhdo.elementfleet.tests.EF_E2ETest#quoteAccept</h3><table class="result"><tr><th>Exception</th></tr><tr><td><div class="stacktrace">org.openqa.selenium.StaleElementReferenceException: stale element reference: stale element not found in the current frame
  (Session info: chrome=138.0.7204.101)
For documentation on this error, please visit: https://www.selenium.dev/documentation/webdriver/troubleshooting/errors#stale-element-reference-exception
Build info: version: &apos;4.34.0&apos;, revision: &apos;707dcb4246*&apos;
System info: os.name: &apos;Windows 11&apos;, os.arch: &apos;amd64&apos;, os.version: &apos;10.0&apos;, java.version: &apos;21.0.6&apos;
Driver info: org.openqa.selenium.chrome.ChromeDriver
Command: [f9115af03212cb9248cda0b7f1a7f9d6, isElementDisplayed {id=f.5765B6148698C01C69C869F66BC65EA7.d.59B4C598CF32F4D7697FE9D3803C736B.e.306}]
Capabilities {acceptInsecureCerts: false, browserName: chrome, browserVersion: 138.0.7204.101, chrome: {chromedriverVersion: 138.0.7204.157 (e533e98b126..., userDataDir: C:\Users\SUBHOJ~1\AppData\L...}, fedcm:accounts: true, goog:chromeOptions: {debuggerAddress: localhost:52384}, networkConnectionEnabled: false, pageLoadStrategy: normal, platformName: windows, proxy: Proxy(), se:cdp: ws://localhost:52384/devtoo..., se:cdpVersion: 138.0.7204.101, setWindowRect: true, strictFileInteractability: false, timeouts: {implicit: 0, pageLoad: 300000, script: 30000}, unhandledPromptBehavior: dismiss and notify, webauthn:extension:credBlob: true, webauthn:extension:largeBlob: true, webauthn:extension:minPinLength: true, webauthn:extension:prf: true, webauthn:virtualAuthenticators: true}
Element: [[ChromeDriver: chrome on windows (f9115af03212cb9248cda0b7f1a7f9d6)] -&gt; xpath: //a[contains(@title,&apos;Insurance&apos;) and contains(normalize-space(), &apos;Quotes&apos;)]]
Session ID: f9115af03212cb9248cda0b7f1a7f9d6
	at java.base/jdk.internal.reflect.DirectConstructorHandleAccessor.newInstance(DirectConstructorHandleAccessor.java:62)
	at java.base/java.lang.reflect.Constructor.newInstanceWithCaller(Constructor.java:502)
	at java.base/java.lang.reflect.Constructor.newInstance(Constructor.java:486)
	at org.openqa.selenium.remote.ErrorCodec.decode(ErrorCodec.java:167)
	at org.openqa.selenium.remote.codec.w3c.W3CHttpResponseCodec.decode(W3CHttpResponseCodec.java:138)
	at org.openqa.selenium.remote.codec.w3c.W3CHttpResponseCodec.decode(W3CHttpResponseCodec.java:50)
	at org.openqa.selenium.remote.HttpCommandExecutor.execute(HttpCommandExecutor.java:215)
	at org.openqa.selenium.remote.service.DriverCommandExecutor.invokeExecute(DriverCommandExecutor.java:216)
	at org.openqa.selenium.remote.service.DriverCommandExecutor.execute(DriverCommandExecutor.java:174)
	at org.openqa.selenium.remote.RemoteWebDriver.execute(RemoteWebDriver.java:544)
	at org.openqa.selenium.remote.RemoteWebElement.execute(RemoteWebElement.java:223)
	at org.openqa.selenium.remote.RemoteWebElement.isDisplayed(RemoteWebElement.java:282)
	at org.openqa.selenium.support.ui.ExpectedConditions.elementIfVisible(ExpectedConditions.java:304)
	at org.openqa.selenium.support.ui.ExpectedConditions$10.apply(ExpectedConditions.java:290)
	at org.openqa.selenium.support.ui.ExpectedConditions$10.apply(ExpectedConditions.java:287)
	at org.openqa.selenium.support.ui.ExpectedConditions$23.apply(ExpectedConditions.java:656)
	at org.openqa.selenium.support.ui.ExpectedConditions$23.apply(ExpectedConditions.java:652)
	at org.openqa.selenium.support.ui.FluentWait.until(FluentWait.java:203)
	at com.eox.utils.CommonFunctionUtils.elementClick(CommonFunctionUtils.java:32)
	at com.eox.utils.HDOUtils.openTiles(HDOUtils.java:40)
	at com.eox.externalhdo.elementfleet.pages.producerquoteacceptpage.quoteaccept(producerquoteacceptpage.java:23)
	at com.eox.externalhdo.elementfleet.tests.EF_E2ETest.quoteAccept(EF_E2ETest.java:53)
	at java.base/jdk.internal.reflect.DirectMethodHandleAccessor.invoke(DirectMethodHandleAccessor.java:103)
	at java.base/java.lang.reflect.Method.invoke(Method.java:580)
	at org.testng.internal.invokers.MethodInvocationHelper.invokeMethod(MethodInvocationHelper.java:141)
	at org.testng.internal.invokers.TestInvoker.invokeMethod(TestInvoker.java:687)
	at org.testng.internal.invokers.TestInvoker.invokeTestMethod(TestInvoker.java:230)
	at org.testng.internal.invokers.MethodRunner.runInSequence(MethodRunner.java:63)
	at org.testng.internal.invokers.TestInvoker$MethodInvocationAgent.invoke(TestInvoker.java:995)
	at org.testng.internal.invokers.TestInvoker.invokeTestMethods(TestInvoker.java:203)
	at org.testng.internal.invokers.TestMethodWorker.invokeTestMethods(TestMethodWorker.java:154)
	at org.testng.internal.invokers.TestMethodWorker.run(TestMethodWorker.java:134)
	at java.base/java.util.ArrayList.forEach(ArrayList.java:1596)
	at org.testng.TestRunner.privateRun(TestRunner.java:741)
	at org.testng.TestRunner.run(TestRunner.java:616)
	at org.testng.SuiteRunner.runTest(SuiteRunner.java:421)
	at org.testng.SuiteRunner.runSequentially(SuiteRunner.java:413)
	at org.testng.SuiteRunner.privateRun(SuiteRunner.java:373)
	at org.testng.SuiteRunner.run(SuiteRunner.java:312)
	at org.testng.SuiteRunnerWorker.runSuite(SuiteRunnerWorker.java:52)
	at org.testng.SuiteRunnerWorker.run(SuiteRunnerWorker.java:95)
	at org.testng.TestNG.runSuitesSequentially(TestNG.java:1274)
	at org.testng.TestNG.runSuitesLocally(TestNG.java:1208)
	at org.testng.TestNG.runSuites(TestNG.java:1112)
	at org.testng.TestNG.run(TestNG.java:1079)
	at org.testng.remote.AbstractRemoteTestNG.run(AbstractRemoteTestNG.java:115)
	at org.testng.remote.RemoteTestNG.initAndRun(RemoteTestNG.java:293)
	at org.testng.remote.RemoteTestNG.main(RemoteTestNG.java:91)
</div></td></tr></table><p class="totop"><a href="#summary">back to summary</a></p>
<h3 id="m3">com.eox.externalhdo.elementfleet.tests.EF_E2ETest#producerSendapplication</h3><table class="result"><tr><th class="invisible"/></tr></table><p class="totop"><a href="#summary">back to summary</a></p>
</body>
</html>
